2026-06-16 16:37:15 40.103972 116.357730
2026-06-16 16:37:18 40.103972 116.357730
2026-06-16 16:38:19 40.103972 116.357734
2026-06-16 16:38:19 40.103972 116.357734
2026-06-16 16:38:19 40.103972 116.357734
2026-06-16 16:38:19 40.103972 116.357734
2026-06-16 16:38:19 40.103972 116.357734
2026-06-16 16:38:19 40.103972 116.357734
2026-06-16 16:38:19 40.103972 116.357734
2026-06-16 16:38:19 40.103972 116.357734
2026-06-16 16:38:19 40.103972 116.357734
2026-06-16 16:38:19 40.103972 116.357734
2026-06-16 16:38:19 40.103972 116.357734
2026-06-16 16:38:19 40.103972 116.357734
2026-06-16 16:38:19 40.103972 116.357734
2026-06-16 16:38:19 40.103972 116.357734
2026-06-16 16:38:19 40.103972 116.357734
2026-06-16 16:38:19 40.103972 116.357734
2026-06-16 16:38:19 40.103972 116.357734
2026-06-16 16:38:19 40.103972 116.357734
2026-06-16 16:38:19 40.103972 116.357734
2026-06-16 16:38:19 40.103972 116.357734
2026-06-16 16:38:19 40.103972 116.357734
