[Mon Jun 15 14:24:23 2026
] 服务器启动
[Mon Jun 15 14:24:23 2026
] 客户端连接
Mon Jun 15 14:31:38 2026
 : 服务器启动
Mon Jun 15 14:42:06 2026
 : 服务器启动
Mon Jun 15 14:42:17 2026
 : 客户端连接
Mon Jun 15 14:42:17 2026
 : 返回轨迹
Mon Jun 15 14:42:18 2026
 : 客户端连接
2026-06-15 14:49:44 服务器启动
2026-06-15 14:49:55 客户端连接
2026-06-15 14:49:55 客户端连接
2026-06-15 14:49:55 客户端连接
2026-06-15 14:50:00 客户端连接
2026-06-15 14:50:00 客户端连接
2026-06-15 14:50:00 客户端连接
2026-06-15 14:50:00 客户端连接
2026-06-15 14:50:00 客户端连接
2026-06-15 14:50:00 客户端连接
2026-06-15 14:50:03 客户端连接
2026-06-15 14:50:03 客户端连接
2026-06-15 14:50:06 客户端连接
2026-06-15 14:50:06 客户端连接
2026-06-15 14:50:09 客户端连接
2026-06-15 14:50:09 客户端连接
2026-06-15 14:50:15 客户端连接
2026-06-15 14:50:15 客户端连接
2026-06-15 14:50:15 客户端连接
2026-06-15 14:50:15 客户端连接
2026-06-15 14:50:18 客户端连接
2026-06-15 14:50:18 客户端连接
2026-06-15 14:50:21 客户端连接
2026-06-15 14:50:21 客户端连接
2026-06-15 14:50:24 客户端连接
2026-06-15 14:50:24 客户端连接
2026-06-15 14:50:29 客户端连接
2026-06-15 14:50:29 客户端连接
2026-06-15 14:50:30 客户端连接
2026-06-15 14:50:30 客户端连接
2026-06-15 14:50:33 客户端连接
2026-06-15 14:50:33 客户端连接
2026-06-15 14:50:36 客户端连接
2026-06-15 14:50:36 客户端连接
2026-06-15 14:50:39 客户端连接
2026-06-15 14:50:39 客户端连接
2026-06-15 14:50:44 客户端连接
2026-06-15 14:50:44 客户端连接
2026-06-15 14:50:45 客户端连接
2026-06-15 14:50:45 客户端连接
2026-06-15 14:50:48 客户端连接
2026-06-15 14:50:48 客户端连接
2026-06-15 14:50:51 客户端连接
2026-06-15 14:50:51 客户端连接
2026-06-15 14:50:54 客户端连接
2026-06-15 14:50:54 客户端连接
2026-06-15 14:50:57 客户端连接
2026-06-15 14:50:57 客户端连接
2026-06-15 14:51:01 客户端连接
2026-06-15 14:51:01 客户端连接
2026-06-15 14:51:28 客户端连接
2026-06-15 14:51:28 客户端连接
2026-06-15 14:52:29 客户端连接
2026-06-15 14:52:29 客户端连接
2026-06-15 14:53:28 客户端连接
2026-06-15 14:53:28 客户端连接
2026-06-15 14:54:29 客户端连接
2026-06-15 14:54:29 客户端连接
2026-06-15 14:55:44 服务器启动
2026-06-15 14:55:55 客户端连接
2026-06-15 14:55:56 客户端连接
2026-06-15 14:56:26 客户端连接
2026-06-15 14:56:26 客户端连接
2026-06-15 14:57:27 客户端连接
2026-06-15 14:57:27 客户端连接
2026-06-15 14:58:26 客户端连接
2026-06-15 14:58:26 客户端连接
2026-06-15 14:59:26 客户端连接
2026-06-15 14:59:26 客户端连接
2026-06-15 15:00:26 客户端连接
2026-06-15 15:00:26 客户端连接
2026-06-15 15:01:27 客户端连接
2026-06-15 15:01:27 客户端连接
2026-06-15 15:02:26 客户端连接
2026-06-15 15:02:26 客户端连接
2026-06-15 15:02:39 [服务器启动]
2026-06-15 15:12:06 [客户端连接]
2026-06-15 15:12:06 [客户端连接]
2026-06-15 15:12:06 [客户端连接]
2026-06-15 15:12:06 [客户端连接]
2026-06-15 15:12:09 [客户端连接]
2026-06-15 15:12:09 [客户端连接]
2026-06-15 15:12:12 [客户端连接]
2026-06-15 15:12:12 [客户端连接]
2026-06-15 15:12:15 [客户端连接]
2026-06-15 15:12:15 [客户端连接]
2026-06-15 15:12:20 [客户端连接]
2026-06-15 15:12:20 [客户端连接]
2026-06-15 15:12:21 [客户端连接]
2026-06-15 15:12:21 [客户端连接]
2026-06-15 15:12:24 [客户端连接]
2026-06-15 15:12:24 [客户端连接]
2026-06-15 15:12:27 [客户端连接]
2026-06-15 15:12:27 [客户端连接]
2026-06-15 15:12:30 [客户端连接]
2026-06-15 15:12:30 [客户端连接]
2026-06-15 15:12:33 [客户端连接]
2026-06-15 15:12:33 [客户端连接]
2026-06-15 15:12:39 [客户端连接]
2026-06-15 15:12:39 [客户端连接]
2026-06-15 15:12:39 [客户端连接]
2026-06-15 15:12:39 [客户端连接]
2026-06-15 15:12:42 [客户端连接]
2026-06-15 15:12:42 [客户端连接]
2026-06-15 15:12:45 [客户端连接]
2026-06-15 15:12:45 [客户端连接]
2026-06-15 15:12:48 [客户端连接]
2026-06-15 15:12:48 [客户端连接]
2026-06-15 15:12:53 [客户端连接]
2026-06-15 15:12:53 [客户端连接]
2026-06-15 15:12:54 [客户端连接]
2026-06-15 15:12:54 [客户端连接]
2026-06-15 15:12:57 [客户端连接]
2026-06-15 15:12:57 [客户端连接]
2026-06-15 15:13:00 [客户端连接]
2026-06-15 15:13:00 [客户端连接]
2026-06-15 15:13:03 [客户端连接]
2026-06-15 15:13:03 [客户端连接]
2026-06-15 15:13:07 [客户端连接]
2026-06-15 15:13:07 [客户端连接]
2026-06-15 15:13:07 [客户端连接]
2026-06-15 15:13:07 [客户端连接]
2026-06-15 15:13:10 [客户端连接]
2026-06-15 15:13:10 [客户端连接]
2026-06-15 15:13:13 [客户端连接]
2026-06-15 15:13:13 [客户端连接]
2026-06-15 15:13:16 [客户端连接]
2026-06-15 15:13:16 [客户端连接]
2026-06-15 15:13:20 [客户端连接]
2026-06-15 15:13:20 [客户端连接]
2026-06-15 15:13:22 [客户端连接]
2026-06-15 15:13:22 [客户端连接]
2026-06-15 15:13:25 [客户端连接]
2026-06-15 15:13:25 [客户端连接]
2026-06-15 15:13:26 [客户端连接]
2026-06-15 15:13:26 [客户端连接]
2026-06-15 15:13:28 [客户端连接]
2026-06-15 15:13:28 [客户端连接]
2026-06-15 15:13:34 [客户端连接]
2026-06-15 15:13:34 [客户端连接]
2026-06-15 15:13:34 [客户端连接]
2026-06-15 15:13:34 [客户端连接]
2026-06-15 15:13:37 [客户端连接]
2026-06-15 15:13:37 [客户端连接]
2026-06-15 15:13:40 [客户端连接]
2026-06-15 15:13:40 [客户端连接]
2026-06-15 15:13:43 [客户端连接]
2026-06-15 15:13:43 [客户端连接]
2026-06-15 15:13:47 [客户端连接]
2026-06-15 15:13:47 [客户端连接]
2026-06-15 15:13:49 [客户端连接]
2026-06-15 15:13:49 [客户端连接]
2026-06-15 15:13:52 [客户端连接]
2026-06-15 15:13:52 [客户端连接]
2026-06-15 15:13:55 [客户端连接]
2026-06-15 15:13:55 [客户端连接]
2026-06-15 15:14:01 [客户端连接]
2026-06-15 15:14:01 [客户端连接]
2026-06-15 15:14:01 [客户端连接]
2026-06-15 15:14:01 [客户端连接]
2026-06-15 15:14:04 [客户端连接]
2026-06-15 15:14:04 [客户端连接]
2026-06-15 15:14:07 [客户端连接]
2026-06-15 15:14:07 [客户端连接]
2026-06-15 15:14:10 [客户端连接]
2026-06-15 15:14:10 [客户端连接]
2026-06-15 15:14:17 [客户端连接]
2026-06-15 15:14:17 [客户端连接]
2026-06-15 15:14:17 [客户端连接]
2026-06-15 15:14:17 [客户端连接]
2026-06-15 15:14:19 [客户端连接]
2026-06-15 15:14:19 [客户端连接]
2026-06-15 15:14:22 [客户端连接]
2026-06-15 15:14:22 [客户端连接]
2026-06-15 15:14:25 [客户端连接]
2026-06-15 15:14:25 [客户端连接]
2026-06-15 15:14:26 [客户端连接]
2026-06-15 15:14:26 [客户端连接]
2026-06-15 15:14:29 [客户端连接]
2026-06-15 15:14:29 [客户端连接]
2026-06-15 15:14:31 [客户端连接]
2026-06-15 15:14:31 [客户端连接]
2026-06-15 15:14:34 [客户端连接]
2026-06-15 15:14:34 [客户端连接]
2026-06-15 15:14:37 [客户端连接]
2026-06-15 15:14:37 [客户端连接]
2026-06-15 15:14:41 [客户端连接]
2026-06-15 15:14:41 [客户端连接]
2026-06-15 15:14:43 [客户端连接]
2026-06-15 15:14:43 [客户端连接]
2026-06-15 15:14:46 [客户端连接]
2026-06-15 15:14:46 [客户端连接]
2026-06-15 15:14:49 [客户端连接]
2026-06-15 15:14:49 [客户端连接]
2026-06-15 15:14:53 [客户端连接]
2026-06-15 15:14:53 [客户端连接]
2026-06-15 15:14:55 [客户端连接]
2026-06-15 15:14:55 [客户端连接]
2026-06-15 15:14:58 [客户端连接]
2026-06-15 15:14:58 [客户端连接]
2026-06-15 15:15:01 [客户端连接]
2026-06-15 15:15:01 [客户端连接]
2026-06-15 15:15:05 [客户端连接]
2026-06-15 15:15:05 [客户端连接]
2026-06-15 15:15:07 [客户端连接]
2026-06-15 15:15:07 [客户端连接]
2026-06-15 15:15:10 [客户端连接]
2026-06-15 15:15:10 [客户端连接]
2026-06-15 15:15:13 [客户端连接]
2026-06-15 15:15:13 [客户端连接]
2026-06-15 15:15:17 [客户端连接]
2026-06-15 15:15:17 [客户端连接]
2026-06-15 15:15:19 [客户端连接]
2026-06-15 15:15:19 [客户端连接]
2026-06-15 15:15:23 [客户端连接]
2026-06-15 15:15:23 [客户端连接]
2026-06-15 15:15:26 [客户端连接]
2026-06-15 15:15:26 [客户端连接]
2026-06-15 15:15:26 [客户端连接]
2026-06-15 15:15:26 [客户端连接]
2026-06-15 15:15:29 [客户端连接]
2026-06-15 15:15:29 [客户端连接]
2026-06-15 15:15:32 [客户端连接]
2026-06-15 15:15:32 [客户端连接]
2026-06-15 15:15:34 [客户端连接]
2026-06-15 15:15:34 [客户端连接]
2026-06-15 15:15:37 [客户端连接]
2026-06-15 15:15:37 [客户端连接]
2026-06-15 15:15:38 [客户端连接]
2026-06-15 15:15:38 [客户端连接]
2026-06-15 15:15:39 [客户端连接]
2026-06-15 15:15:39 [客户端连接]
2026-06-15 15:15:42 [客户端连接]
2026-06-15 15:15:42 [客户端连接]
2026-06-15 15:15:42 [客户端连接]
2026-06-15 15:15:42 [客户端连接]
2026-06-15 15:15:45 [客户端连接]
2026-06-15 15:15:45 [客户端连接]
2026-06-15 15:15:47 [客户端连接]
2026-06-15 15:15:47 [客户端连接]
2026-06-15 15:15:47 [客户端连接]
2026-06-15 15:15:47 [客户端连接]
2026-06-15 15:15:48 [客户端连接]
2026-06-15 15:15:48 [客户端连接]
2026-06-15 15:15:50 [客户端连接]
2026-06-15 15:15:50 [客户端连接]
2026-06-15 15:15:51 [客户端连接]
2026-06-15 15:15:51 [客户端连接]
2026-06-15 15:15:54 [客户端连接]
2026-06-15 15:15:54 [客户端连接]
2026-06-15 15:15:54 [客户端连接]
2026-06-15 15:15:54 [客户端连接]
2026-06-15 15:15:56 [客户端连接]
2026-06-15 15:15:56 [客户端连接]
2026-06-15 15:15:57 [客户端连接]
2026-06-15 15:15:57 [客户端连接]
2026-06-15 15:15:59 [客户端连接]
2026-06-15 15:15:59 [客户端连接]
2026-06-15 15:16:00 [客户端连接]
2026-06-15 15:16:00 [客户端连接]
2026-06-15 15:16:02 [客户端连接]
2026-06-15 15:16:02 [客户端连接]
2026-06-15 15:16:03 [客户端连接]
2026-06-15 15:16:03 [客户端连接]
2026-06-15 15:16:05 [客户端连接]
2026-06-15 15:16:05 [客户端连接]
2026-06-15 15:16:06 [客户端连接]
2026-06-15 15:16:06 [客户端连接]
2026-06-15 15:16:08 [客户端连接]
2026-06-15 15:16:08 [客户端连接]
2026-06-15 15:16:09 [客户端连接]
2026-06-15 15:16:09 [客户端连接]
2026-06-15 15:16:11 [客户端连接]
2026-06-15 15:16:11 [客户端连接]
2026-06-15 15:16:12 [客户端连接]
2026-06-15 15:16:12 [客户端连接]
2026-06-15 15:16:14 [客户端连接]
2026-06-15 15:16:14 [客户端连接]
2026-06-15 15:16:15 [客户端连接]
2026-06-15 15:16:15 [客户端连接]
2026-06-15 15:16:19 [客户端连接]
2026-06-15 15:16:19 [客户端连接]
2026-06-15 15:16:21 [客户端连接]
2026-06-15 15:16:21 [客户端连接]
2026-06-15 15:16:24 [客户端连接]
2026-06-15 15:16:24 [客户端连接]
2026-06-15 15:16:27 [客户端连接]
2026-06-15 15:16:27 [客户端连接]
2026-06-15 15:16:31 [客户端连接]
2026-06-15 15:16:31 [客户端连接]
2026-06-15 15:16:33 [客户端连接]
2026-06-15 15:16:33 [客户端连接]
2026-06-15 15:16:36 [客户端连接]
2026-06-15 15:16:36 [客户端连接]
2026-06-15 15:16:39 [客户端连接]
2026-06-15 15:16:39 [客户端连接]
2026-06-15 15:16:43 [客户端连接]
2026-06-15 15:16:43 [客户端连接]
2026-06-15 15:16:45 [客户端连接]
2026-06-15 15:16:45 [客户端连接]
2026-06-15 15:16:48 [客户端连接]
2026-06-15 15:16:48 [客户端连接]
2026-06-15 15:16:51 [客户端连接]
2026-06-15 15:16:51 [客户端连接]
2026-06-15 15:16:55 [客户端连接]
2026-06-15 15:16:55 [客户端连接]
2026-06-15 15:16:57 [客户端连接]
2026-06-15 15:16:57 [客户端连接]
2026-06-15 15:17:00 [客户端连接]
2026-06-15 15:17:00 [客户端连接]
2026-06-15 15:17:03 [客户端连接]
2026-06-15 15:17:03 [客户端连接]
2026-06-15 15:17:07 [客户端连接]
2026-06-15 15:17:07 [客户端连接]
2026-06-15 15:17:09 [客户端连接]
2026-06-15 15:17:09 [客户端连接]
2026-06-15 15:17:12 [客户端连接]
2026-06-15 15:17:12 [客户端连接]
2026-06-15 15:17:15 [客户端连接]
2026-06-15 15:17:15 [客户端连接]
2026-06-15 15:17:18 [客户端连接]
2026-06-15 15:17:18 [客户端连接]
2026-06-15 15:17:21 [客户端连接]
2026-06-15 15:17:21 [客户端连接]
2026-06-15 15:17:26 [客户端连接]
2026-06-15 15:17:26 [客户端连接]
2026-06-15 15:18:28 [客户端连接]
2026-06-15 15:18:28 [客户端连接]
2026-06-15 15:19:29 [客户端连接]
2026-06-15 15:19:29 [客户端连接]
2026-06-15 15:20:28 [客户端连接]
2026-06-15 15:20:28 [客户端连接]
2026-06-15 15:21:29 [客户端连接]
2026-06-15 15:21:29 [客户端连接]
2026-06-15 15:22:27 [客户端连接]
2026-06-15 15:22:27 [客户端连接]
2026-06-15 15:23:26 [客户端连接]
2026-06-15 15:23:26 [客户端连接]
2026-06-15 15:23:32 [客户端连接]
2026-06-15 15:23:32 [客户端连接]
2026-06-15 15:23:35 [客户端连接]
2026-06-15 15:23:35 [客户端连接]
2026-06-15 15:23:41 [客户端连接]
2026-06-15 15:23:41 [客户端连接]
2026-06-15 15:23:41 [客户端连接]
2026-06-15 15:23:41 [客户端连接]
2026-06-15 15:23:44 [客户端连接]
2026-06-15 15:23:44 [客户端连接]
2026-06-15 15:23:47 [客户端连接]
2026-06-15 15:23:47 [客户端连接]
2026-06-15 15:23:50 [客户端连接]
2026-06-15 15:23:50 [客户端连接]
2026-06-15 15:23:56 [客户端连接]
2026-06-15 15:23:56 [客户端连接]
2026-06-15 15:23:59 [客户端连接]
2026-06-15 15:23:59 [客户端连接]
2026-06-15 15:24:02 [客户端连接]
2026-06-15 15:24:02 [客户端连接]
2026-06-15 15:24:05 [客户端连接]
2026-06-15 15:24:05 [客户端连接]
2026-06-15 15:24:11 [客户端连接]
2026-06-15 15:24:11 [客户端连接]
2026-06-15 15:24:11 [客户端连接]
2026-06-15 15:24:11 [客户端连接]
2026-06-15 15:24:14 [客户端连接]
2026-06-15 15:24:14 [客户端连接]
2026-06-15 15:24:32 [服务器启动]
2026-06-15 15:33:20 [服务器启动]
2026-06-15 15:33:25 [系统复位]
2026-06-15 15:36:34 [服务器启动]
2026-06-15 15:41:32 [服务器启动]
2026-06-15 16:05:29 [服务器启动]
2026-06-15 16:06:20 [服务器启动]
2026-06-15 16:09:49 [服务器启动]
2026-06-15 16:09:57 [系统复位]
2026-06-15 16:11:13 [服务器启动]
2026-06-15 16:11:20 [系统复位]
2026-06-15 16:16:37 [服务器启动]
2026-06-15 16:17:17 [系统复位]
2026-06-15 16:18:23 [系统复位]
2026-06-15 16:38:12 [系统复位]
2026-06-15 16:45:56 [服务器启动]
2026-06-15 16:48:53 [系统复位]
2026-06-15 16:49:34 [系统复位]
2026-06-16 16:26:02 [服务器启动]
2026-06-16 16:26:25 [系统复位]
2026-06-16 16:37:02 [系统复位]
2026-06-16 16:37:06 [系统复位]
2026-06-16 16:37:06 [系统复位]
2026-06-16 16:37:06 [系统复位]
2026-06-16 16:37:06 [系统复位]
2026-06-16 16:37:09 [系统复位]
2026-06-16 16:37:10 [系统复位]
2026-06-16 16:37:12 [系统复位]
2026-06-16 19:49:14 [系统复位]
